Analysis & Synthesis report for LEDtopLevel
Fri Mar 22 09:25:45 2024
Quartus Prime Version 18.1.0 Build 625 09/12/2018 SJ Lite Edition


---------------------
; Table of Contents ;
---------------------
  1. Legal Notice
  2. Analysis & Synthesis Summary
  3. Analysis & Synthesis Settings
  4. Parallel Compilation
  5. Analysis & Synthesis Source Files Read
  6. Analysis & Synthesis Resource Usage Summary
  7. Analysis & Synthesis Resource Utilization by Entity
  8. Registers Removed During Synthesis
  9. Removed Registers Triggering Further Register Optimizations
 10. General Register Statistics
 11. Inverted Register Statistics
 12. Multiplexer Restructuring Statistics (Restructuring Performed)
 13. Source assignments for Top-level Entity: |LEDtopLevel
 14. Parameter Settings for User Entity Instance: showPattern:showPattern
 15. Post-Synthesis Netlist Statistics for Top Partition
 16. Elapsed Time Per Partition
 17. Analysis & Synthesis Messages
 18. Analysis & Synthesis Suppressed Messages



----------------
; Legal Notice ;
----------------
Copyright (C) 2018  Intel Corporation. All rights reserved.
Your use of Intel Corporation's design tools, logic functions 
and other software and tools, and its AMPP partner logic 
functions, and any output files from any of the foregoing 
(including device programming or simulation files), and any 
associated documentation or information are expressly subject 
to the terms and conditions of the Intel Program License 
Subscription Agreement, the Intel Quartus Prime License Agreement,
the Intel FPGA IP License Agreement, or other applicable license
agreement, including, without limitation, that your use is for
the sole purpose of programming logic devices manufactured by
Intel and sold by Intel or its authorized distributors.  Please
refer to the applicable agreement for further details.



+-------------------------------------------------------------------------------+
; Analysis & Synthesis Summary                                                  ;
+---------------------------------+---------------------------------------------+
; Analysis & Synthesis Status     ; Successful - Fri Mar 22 09:25:45 2024       ;
; Quartus Prime Version           ; 18.1.0 Build 625 09/12/2018 SJ Lite Edition ;
; Revision Name                   ; LEDtopLevel                                 ;
; Top-level Entity Name           ; LEDtopLevel                                 ;
; Family                          ; Cyclone V                                   ;
; Logic utilization (in ALMs)     ; N/A                                         ;
; Total registers                 ; 454                                         ;
; Total pins                      ; 27                                          ;
; Total virtual pins              ; 0                                           ;
; Total block memory bits         ; 0                                           ;
; Total DSP Blocks                ; 0                                           ;
; Total HSSI RX PCSs              ; 0                                           ;
; Total HSSI PMA RX Deserializers ; 0                                           ;
; Total HSSI TX PCSs              ; 0                                           ;
; Total HSSI PMA TX Serializers   ; 0                                           ;
; Total PLLs                      ; 0                                           ;
; Total DLLs                      ; 0                                           ;
+---------------------------------+---------------------------------------------+


+---------------------------------------------------------------------------------------------------------------------------+
; Analysis & Synthesis Settings                                                                                             ;
+---------------------------------------------------------------------------------+--------------------+--------------------+
; Option                                                                          ; Setting            ; Default Value      ;
+---------------------------------------------------------------------------------+--------------------+--------------------+
; Device                                                                          ; 5CSEMA4U23C6       ;                    ;
; Top-level entity name                                                           ; LEDtopLevel        ; LEDtopLevel        ;
; Family name                                                                     ; Cyclone V          ; Cyclone V          ;
; Use smart compilation                                                           ; Off                ; Off                ;
; Enable parallel Assembler and Timing Analyzer during compilation                ; On                 ; On                 ;
; Enable compact report table                                                     ; Off                ; Off                ;
; Restructure Multiplexers                                                        ; Auto               ; Auto               ;
; MLAB Add Timing Constraints For Mixed-Port Feed-Through Mode Setting Don't Care ; Off                ; Off                ;
; Create Debugging Nodes for IP Cores                                             ; Off                ; Off                ;
; Preserve fewer node names                                                       ; On                 ; On                 ;
; Intel FPGA IP Evaluation Mode                                                   ; Enable             ; Enable             ;
; Verilog Version                                                                 ; Verilog_2001       ; Verilog_2001       ;
; VHDL Version                                                                    ; VHDL_1993          ; VHDL_1993          ;
; State Machine Processing                                                        ; Auto               ; Auto               ;
; Safe State Machine                                                              ; Off                ; Off                ;
; Extract Verilog State Machines                                                  ; On                 ; On                 ;
; Extract VHDL State Machines                                                     ; On                 ; On                 ;
; Ignore Verilog initial constructs                                               ; Off                ; Off                ;
; Iteration limit for constant Verilog loops                                      ; 5000               ; 5000               ;
; Iteration limit for non-constant Verilog loops                                  ; 250                ; 250                ;
; Add Pass-Through Logic to Inferred RAMs                                         ; On                 ; On                 ;
; Infer RAMs from Raw Logic                                                       ; On                 ; On                 ;
; Parallel Synthesis                                                              ; On                 ; On                 ;
; DSP Block Balancing                                                             ; Auto               ; Auto               ;
; NOT Gate Push-Back                                                              ; On                 ; On                 ;
; Power-Up Don't Care                                                             ; On                 ; On                 ;
; Remove Redundant Logic Cells                                                    ; Off                ; Off                ;
; Remove Duplicate Registers                                                      ; On                 ; On                 ;
; Ignore CARRY Buffers                                                            ; Off                ; Off                ;
; Ignore CASCADE Buffers                                                          ; Off                ; Off                ;
; Ignore GLOBAL Buffers                                                           ; Off                ; Off                ;
; Ignore ROW GLOBAL Buffers                                                       ; Off                ; Off                ;
; Ignore LCELL Buffers                                                            ; Off                ; Off                ;
; Ignore SOFT Buffers                                                             ; On                 ; On                 ;
; Limit AHDL Integers to 32 Bits                                                  ; Off                ; Off                ;
; Optimization Technique                                                          ; Balanced           ; Balanced           ;
; Carry Chain Length                                                              ; 70                 ; 70                 ;
; Auto Carry Chains                                                               ; On                 ; On                 ;
; Auto Open-Drain Pins                                                            ; On                 ; On                 ;
; Perform WYSIWYG Primitive Resynthesis                                           ; Off                ; Off                ;
; Auto ROM Replacement                                                            ; On                 ; On                 ;
; Auto RAM Replacement                                                            ; On                 ; On                 ;
; Auto DSP Block Replacement                                                      ; On                 ; On                 ;
; Auto Shift Register Replacement                                                 ; Auto               ; Auto               ;
; Allow Shift Register Merging across Hierarchies                                 ; Auto               ; Auto               ;
; Auto Clock Enable Replacement                                                   ; On                 ; On                 ;
; Strict RAM Replacement                                                          ; Off                ; Off                ;
; Allow Synchronous Control Signals                                               ; On                 ; On                 ;
; Force Use of Synchronous Clear Signals                                          ; Off                ; Off                ;
; Auto Resource Sharing                                                           ; Off                ; Off                ;
; Allow Any RAM Size For Recognition                                              ; Off                ; Off                ;
; Allow Any ROM Size For Recognition                                              ; Off                ; Off                ;
; Allow Any Shift Register Size For Recognition                                   ; Off                ; Off                ;
; Use LogicLock Constraints during Resource Balancing                             ; On                 ; On                 ;
; Ignore translate_off and synthesis_off directives                               ; Off                ; Off                ;
; Timing-Driven Synthesis                                                         ; On                 ; On                 ;
; Report Parameter Settings                                                       ; On                 ; On                 ;
; Report Source Assignments                                                       ; On                 ; On                 ;
; Report Connectivity Checks                                                      ; On                 ; On                 ;
; Ignore Maximum Fan-Out Assignments                                              ; Off                ; Off                ;
; Synchronization Register Chain Length                                           ; 3                  ; 3                  ;
; Power Optimization During Synthesis                                             ; Normal compilation ; Normal compilation ;
; HDL message level                                                               ; Level2             ; Level2             ;
; Suppress Register Optimization Related Messages                                 ; Off                ; Off                ;
; Number of Removed Registers Reported in Synthesis Report                        ; 5000               ; 5000               ;
; Number of Swept Nodes Reported in Synthesis Report                              ; 5000               ; 5000               ;
; Number of Inverted Registers Reported in Synthesis Report                       ; 100                ; 100                ;
; Clock MUX Protection                                                            ; On                 ; On                 ;
; Auto Gated Clock Conversion                                                     ; Off                ; Off                ;
; Block Design Naming                                                             ; Auto               ; Auto               ;
; SDC constraint protection                                                       ; Off                ; Off                ;
; Synthesis Effort                                                                ; Auto               ; Auto               ;
; Shift Register Replacement - Allow Asynchronous Clear Signal                    ; On                 ; On                 ;
; Pre-Mapping Resynthesis Optimization                                            ; Off                ; Off                ;
; Analysis & Synthesis Message Level                                              ; Medium             ; Medium             ;
; Disable Register Merging Across Hierarchies                                     ; Auto               ; Auto               ;
; Resource Aware Inference For Block RAM                                          ; On                 ; On                 ;
; Automatic Parallel Synthesis                                                    ; On                 ; On                 ;
; Partial Reconfiguration Bitstream ID                                            ; Off                ; Off                ;
+---------------------------------------------------------------------------------+--------------------+--------------------+


+------------------------------------------+
; Parallel Compilation                     ;
+----------------------------+-------------+
; Processors                 ; Number      ;
+----------------------------+-------------+
; Number detected on machine ; 8           ;
; Maximum allowed            ; 8           ;
;                            ;             ;
; Average used               ; 1.00        ;
; Maximum used               ; 8           ;
;                            ;             ;
; Usage by Processor         ; % Time Used ;
;     Processor 1            ; 100.0%      ;
;     Processors 2-8         ;   0.0%      ;
+----------------------------+-------------+


+-----------------------------------------------------------------------------------------------------------------------------------------------------------------------------------------------------+
; Analysis & Synthesis Source Files Read                                                                                                                                                              ;
+----------------------------------+-----------------+------------------------------------+-------------------------------------------------------------------------------------------------+---------+
; File Name with User-Entered Path ; Used in Netlist ; File Type                          ; File Name with Absolute Path                                                                    ; Library ;
+----------------------------------+-----------------+------------------------------------+-------------------------------------------------------------------------------------------------+---------+
; updatePattern.sv                 ; yes             ; User SystemVerilog HDL File        ; C:/Users/alexj/OneDrive/Documents/ECET/Term 6/ELEX 7660 Digital system/Project/updatePattern.sv ;         ;
; showPattern.sv                   ; yes             ; User SystemVerilog HDL File        ; C:/Users/alexj/OneDrive/Documents/ECET/Term 6/ELEX 7660 Digital system/Project/showPattern.sv   ;         ;
; LEDtopLevel.sv                   ; yes             ; User SystemVerilog HDL File        ; C:/Users/alexj/OneDrive/Documents/ECET/Term 6/ELEX 7660 Digital system/Project/LEDtopLevel.sv   ;         ;
; encoder.sv                       ; yes             ; User SystemVerilog HDL File        ; C:/Users/alexj/OneDrive/Documents/ECET/Term 6/ELEX 7660 Digital system/Project/encoder.sv       ;         ;
; enc2color.sv                     ; yes             ; User SystemVerilog HDL File        ; C:/Users/alexj/OneDrive/Documents/ECET/Term 6/ELEX 7660 Digital system/Project/enc2color.sv     ;         ;
; decode7.sv                       ; yes             ; User SystemVerilog HDL File        ; C:/Users/alexj/OneDrive/Documents/ECET/Term 6/ELEX 7660 Digital system/Project/decode7.sv       ;         ;
; decode2.sv                       ; yes             ; User SystemVerilog HDL File        ; C:/Users/alexj/OneDrive/Documents/ECET/Term 6/ELEX 7660 Digital system/Project/decode2.sv       ;         ;
; adcinterface.sv                  ; yes             ; User SystemVerilog HDL File        ; C:/Users/alexj/OneDrive/Documents/ECET/Term 6/ELEX 7660 Digital system/Project/adcinterface.sv  ;         ;
; colorchoice.sv                   ; yes             ; Auto-Found SystemVerilog HDL File  ; C:/Users/alexj/OneDrive/Documents/ECET/Term 6/ELEX 7660 Digital system/Project/colorchoice.sv   ;         ;
+----------------------------------+-----------------+------------------------------------+-------------------------------------------------------------------------------------------------+---------+


+--------------------------------------------------------------+
; Analysis & Synthesis Resource Usage Summary                  ;
+---------------------------------------------+----------------+
; Resource                                    ; Usage          ;
+---------------------------------------------+----------------+
; Estimate of Logic utilization (ALMs needed) ; 298            ;
;                                             ;                ;
; Combinational ALUT usage for logic          ; 393            ;
;     -- 7 input functions                    ; 0              ;
;     -- 6 input functions                    ; 121            ;
;     -- 5 input functions                    ; 34             ;
;     -- 4 input functions                    ; 64             ;
;     -- <=3 input functions                  ; 174            ;
;                                             ;                ;
; Dedicated logic registers                   ; 454            ;
;                                             ;                ;
; I/O pins                                    ; 27             ;
;                                             ;                ;
; Total DSP Blocks                            ; 0              ;
;                                             ;                ;
; Maximum fan-out node                        ; CLOCK_50~input ;
; Maximum fan-out                             ; 395            ;
; Total fan-out                               ; 3093           ;
; Average fan-out                             ; 3.43           ;
+---------------------------------------------+----------------+


+---------------------------------------------------------------------------------------------------------------------------------------------------------------------------------------------------------------------+
; Analysis & Synthesis Resource Utilization by Entity                                                                                                                                                                 ;
+----------------------------------+---------------------+---------------------------+-------------------+------------+------+--------------+------------------------------------------+---------------+--------------+
; Compilation Hierarchy Node       ; Combinational ALUTs ; Dedicated Logic Registers ; Block Memory Bits ; DSP Blocks ; Pins ; Virtual Pins ; Full Hierarchy Name                      ; Entity Name   ; Library Name ;
+----------------------------------+---------------------+---------------------------+-------------------+------------+------+--------------+------------------------------------------+---------------+--------------+
; |LEDtopLevel                     ; 393 (51)            ; 454 (42)                  ; 0                 ; 0          ; 27   ; 0            ; |LEDtopLevel                             ; LEDtopLevel   ; work         ;
;    |adcinterface:adcinterface|   ; 59 (59)             ; 59 (59)                   ; 0                 ; 0          ; 0    ; 0            ; |LEDtopLevel|adcinterface:adcinterface   ; adcinterface  ; work         ;
;    |colorchoice:colorchoice|     ; 48 (48)             ; 31 (31)                   ; 0                 ; 0          ; 0    ; 0            ; |LEDtopLevel|colorchoice:colorchoice     ; colorchoice   ; work         ;
;    |decode2:decode2_0|           ; 4 (4)               ; 0 (0)                     ; 0                 ; 0          ; 0    ; 0            ; |LEDtopLevel|decode2:decode2_0           ; decode2       ; work         ;
;    |decode7:decode7_0|           ; 7 (7)               ; 0 (0)                     ; 0                 ; 0          ; 0    ; 0            ; |LEDtopLevel|decode7:decode7_0           ; decode7       ; work         ;
;    |enc2color:enc2color_1|       ; 11 (11)             ; 14 (14)                   ; 0                 ; 0          ; 0    ; 0            ; |LEDtopLevel|enc2color:enc2color_1       ; enc2color     ; work         ;
;    |enc2color:enc2color_2|       ; 11 (11)             ; 14 (14)                   ; 0                 ; 0          ; 0    ; 0            ; |LEDtopLevel|enc2color:enc2color_2       ; enc2color     ; work         ;
;    |encoder:encoder_1|           ; 2 (2)               ; 4 (4)                     ; 0                 ; 0          ; 0    ; 0            ; |LEDtopLevel|encoder:encoder_1           ; encoder       ; work         ;
;    |encoder:encoder_2|           ; 2 (2)               ; 4 (4)                     ; 0                 ; 0          ; 0    ; 0            ; |LEDtopLevel|encoder:encoder_2           ; encoder       ; work         ;
;    |showPattern:showPattern|     ; 183 (183)           ; 41 (41)                   ; 0                 ; 0          ; 0    ; 0            ; |LEDtopLevel|showPattern:showPattern     ; showPattern   ; work         ;
;    |updatePattern:updatePattern| ; 15 (15)             ; 245 (245)                 ; 0                 ; 0          ; 0    ; 0            ; |LEDtopLevel|updatePattern:updatePattern ; updatePattern ; work         ;
+----------------------------------+---------------------+---------------------------+-------------------+------------+------+--------------+------------------------------------------+---------------+--------------+
Note: For table entries with two numbers listed, the numbers in parentheses indicate the number of resources of the given type used by the specific entity alone. The numbers listed outside of parentheses indicate the total resources of the given type used by the specific entity and all of its sub-entities in the hierarchy.


+-----------------------------------------------------------------------------------+
; Registers Removed During Synthesis                                                ;
+------------------------------------------+----------------------------------------+
; Register name                            ; Reason for Removal                     ;
+------------------------------------------+----------------------------------------+
; adcinterface:adcinterface|chan[1]        ; Stuck at GND due to stuck port data_in ;
; adcinterface:adcinterface|result_r[0..3] ; Lost fanout                            ;
; adcinterface:adcinterface|chan[0]        ; Stuck at VCC due to stuck port data_in ;
; adcinterface:adcinterface|result[4]      ; Stuck at GND due to stuck port data_in ;
; updatePattern:updatePattern|resultf[4]   ; Stuck at GND due to stuck port data_in ;
; clk_div_count[16]                        ; Lost fanout                            ;
; Total Number of Removed Registers = 9    ;                                        ;
+------------------------------------------+----------------------------------------+


+---------------------------------------------------------------------------------------------------------------------------------------------+
; Removed Registers Triggering Further Register Optimizations                                                                                 ;
+-----------------------------------+---------------------------+-----------------------------------------------------------------------------+
; Register name                     ; Reason for Removal        ; Registers Removed due to This Register                                      ;
+-----------------------------------+---------------------------+-----------------------------------------------------------------------------+
; adcinterface:adcinterface|chan[1] ; Stuck at GND              ; adcinterface:adcinterface|result[4], updatePattern:updatePattern|resultf[4] ;
;                                   ; due to stuck port data_in ;                                                                             ;
+-----------------------------------+---------------------------+-----------------------------------------------------------------------------+


+------------------------------------------------------+
; General Register Statistics                          ;
+----------------------------------------------+-------+
; Statistic                                    ; Value ;
+----------------------------------------------+-------+
; Total registers                              ; 454   ;
; Number of registers using Synchronous Clear  ; 301   ;
; Number of registers using Synchronous Load   ; 0     ;
; Number of registers using Asynchronous Clear ; 0     ;
; Number of registers using Asynchronous Load  ; 0     ;
; Number of registers using Clock Enable       ; 330   ;
; Number of registers using Preset             ; 0     ;
+----------------------------------------------+-------+


+-----------------------------------------------------+
; Inverted Register Statistics                        ;
+-------------------------------------------+---------+
; Inverted Register                         ; Fan out ;
+-------------------------------------------+---------+
; adcinterface:adcinterface|chan[2]         ; 8       ;
; showPattern:showPattern|pattern_row[1]    ; 20      ;
; showPattern:showPattern|pattern_row[0]    ; 32      ;
; showPattern:showPattern|pattern_row[2]    ; 5       ;
; showPattern:showPattern|pattern_row[3]    ; 4       ;
; showPattern:showPattern|pattern_column[4] ; 3       ;
; showPattern:showPattern|count[3]          ; 5       ;
; showPattern:showPattern|count[2]          ; 5       ;
; showPattern:showPattern|color_index[3]    ; 4       ;
; showPattern:showPattern|count[5]          ; 4       ;
; showPattern:showPattern|count[4]          ; 4       ;
; showPattern:showPattern|count[1]          ; 3       ;
; showPattern:showPattern|color_index[4]    ; 3       ;
; showPattern:showPattern|rest[6]           ; 2       ;
; showPattern:showPattern|rest[11]          ; 2       ;
; showPattern:showPattern|rest[8]           ; 2       ;
; showPattern:showPattern|rest[7]           ; 2       ;
; showPattern:showPattern|rest[2]           ; 2       ;
; enc2color:enc2color_2|counter[2]          ; 5       ;
; enc2color:enc2color_1|counter[2]          ; 5       ;
; Total number of inverted registers = 20   ;         ;
+-------------------------------------------+---------+


+------------------------------------------------------------------------------------------------------------------------------------------------------------------------+
; Multiplexer Restructuring Statistics (Restructuring Performed)                                                                                                         ;
+--------------------+-----------+---------------+----------------------+------------------------+------------+----------------------------------------------------------+
; Multiplexer Inputs ; Bus Width ; Baseline Area ; Area if Restructured ; Saving if Restructured ; Registered ; Example Multiplexer Output                               ;
+--------------------+-----------+---------------+----------------------+------------------------+------------+----------------------------------------------------------+
; 3:1                ; 4 bits    ; 8 LEs         ; 4 LEs                ; 4 LEs                  ; Yes        ; |LEDtopLevel|showPattern:showPattern|pattern_column[2]   ;
; 3:1                ; 7 bits    ; 14 LEs        ; 7 LEs                ; 7 LEs                  ; Yes        ; |LEDtopLevel|showPattern:showPattern|color_index[2]      ;
; 3:1                ; 240 bits  ; 480 LEs       ; 0 LEs                ; 480 LEs                ; Yes        ; |LEDtopLevel|updatePattern:updatePattern|pattern[14][13] ;
; 4:1                ; 25 bits   ; 50 LEs        ; 0 LEs                ; 50 LEs                 ; Yes        ; |LEDtopLevel|colorchoice:colorchoice|count[19]           ;
; 4:1                ; 3 bits    ; 6 LEs         ; 6 LEs                ; 0 LEs                  ; Yes        ; |LEDtopLevel|enc2color:enc2color_1|counter[0]            ;
; 4:1                ; 3 bits    ; 6 LEs         ; 6 LEs                ; 0 LEs                  ; Yes        ; |LEDtopLevel|enc2color:enc2color_2|counter[0]            ;
; 4:1                ; 4 bits    ; 8 LEs         ; 4 LEs                ; 4 LEs                  ; Yes        ; |LEDtopLevel|enc2color:enc2color_1|count[1]              ;
; 4:1                ; 4 bits    ; 8 LEs         ; 4 LEs                ; 4 LEs                  ; Yes        ; |LEDtopLevel|enc2color:enc2color_2|count[0]              ;
; 6:1                ; 2 bits    ; 8 LEs         ; 6 LEs                ; 2 LEs                  ; Yes        ; |LEDtopLevel|adcinterface:adcinterface|state[1]          ;
; 17:1               ; 5 bits    ; 55 LEs        ; 50 LEs               ; 5 LEs                  ; Yes        ; |LEDtopLevel|adcinterface:adcinterface|result[1]         ;
; 3:1                ; 4 bits    ; 8 LEs         ; 4 LEs                ; 4 LEs                  ; Yes        ; |LEDtopLevel|showPattern:showPattern|pattern_row[3]      ;
; 3:1                ; 2 bits    ; 4 LEs         ; 2 LEs                ; 2 LEs                  ; Yes        ; |LEDtopLevel|adcinterface:adcinterface|chan[0]           ;
; 3:1                ; 2 bits    ; 4 LEs         ; 2 LEs                ; 2 LEs                  ; Yes        ; |LEDtopLevel|showPattern:showPattern|color_index[3]      ;
; 4:1                ; 4 bits    ; 8 LEs         ; 8 LEs                ; 0 LEs                  ; No         ; |LEDtopLevel|Mux0                                        ;
+--------------------+-----------+---------------+----------------------+------------------------+------------+----------------------------------------------------------+


+-------------------------------------------------------+
; Source assignments for Top-level Entity: |LEDtopLevel ;
+-----------------------+-------+------+----------------+
; Assignment            ; Value ; From ; To             ;
+-----------------------+-------+------+----------------+
; WEAK_PULL_UP_RESISTOR ; ON    ; -    ; enc1_a         ;
; WEAK_PULL_UP_RESISTOR ; ON    ; -    ; enc1_b         ;
; WEAK_PULL_UP_RESISTOR ; ON    ; -    ; enc2_a         ;
; WEAK_PULL_UP_RESISTOR ; ON    ; -    ; enc2_b         ;
+-----------------------+-------+------+----------------+


+----------------------------------------------------------------------+
; Parameter Settings for User Entity Instance: showPattern:showPattern ;
+----------------+-------+---------------------------------------------+
; Parameter Name ; Value ; Type                                        ;
+----------------+-------+---------------------------------------------+
; LEDPERIOD      ; 62    ; Signed Integer                              ;
; RESTPERIOD     ; 2500  ; Signed Integer                              ;
; T0H            ; 20    ; Signed Integer                              ;
; T0L            ; 42    ; Signed Integer                              ;
; T1H            ; 40    ; Signed Integer                              ;
; T1L            ; 22    ; Signed Integer                              ;
; PCOL           ; 16    ; Signed Integer                              ;
; PROW           ; 15    ; Signed Integer                              ;
+----------------+-------+---------------------------------------------+
Note: In order to hide this table in the UI and the text report file, please set the "Show Parameter Settings in Synthesis Report" option in "Analysis and Synthesis Settings -> More Settings" to "Off".


+-----------------------------------------------------+
; Post-Synthesis Netlist Statistics for Top Partition ;
+-----------------------+-----------------------------+
; Type                  ; Count                       ;
+-----------------------+-----------------------------+
; arriav_ff             ; 454                         ;
;     ENA               ; 65                          ;
;     ENA SCLR          ; 265                         ;
;     SCLR              ; 36                          ;
;     plain             ; 88                          ;
; arriav_lcell_comb     ; 403                         ;
;     arith             ; 105                         ;
;         1 data inputs ; 104                         ;
;         2 data inputs ; 1                           ;
;     normal            ; 298                         ;
;         0 data inputs ; 1                           ;
;         1 data inputs ; 16                          ;
;         2 data inputs ; 36                          ;
;         3 data inputs ; 26                          ;
;         4 data inputs ; 64                          ;
;         5 data inputs ; 34                          ;
;         6 data inputs ; 121                         ;
; boundary_port         ; 27                          ;
;                       ;                             ;
; Max LUT depth         ; 6.00                        ;
; Average LUT depth     ; 3.42                        ;
+-----------------------+-----------------------------+


+-------------------------------+
; Elapsed Time Per Partition    ;
+----------------+--------------+
; Partition Name ; Elapsed Time ;
+----------------+--------------+
; Top            ; 00:00:03     ;
+----------------+--------------+


+-------------------------------+
; Analysis & Synthesis Messages ;
+-------------------------------+
Info: *******************************************************************
Info: Running Quartus Prime Analysis & Synthesis
    Info: Version 18.1.0 Build 625 09/12/2018 SJ Lite Edition
    Info: Processing started: Fri Mar 22 09:25:04 2024
Info: Command: quartus_map --read_settings_files=on --write_settings_files=off LEDtopLevel -c LEDtopLevel
Warning (18236): Number of processors has not been specified which may cause overloading on shared machines.  Set the global assignment NUM_PARALLEL_PROCESSORS in your QSF to an appropriate value for best performance.
Info (20030): Parallel compilation is enabled and will use 8 of the 8 processors detected
Info (12021): Found 1 design units, including 1 entities, in source file updatepattern.sv
    Info (12023): Found entity 1: updatePattern File: C:/Users/alexj/OneDrive/Documents/ECET/Term 6/ELEX 7660 Digital system/Project/updatePattern.sv Line: 1
Info (12021): Found 1 design units, including 1 entities, in source file showpattern.sv
    Info (12023): Found entity 1: showPattern File: C:/Users/alexj/OneDrive/Documents/ECET/Term 6/ELEX 7660 Digital system/Project/showPattern.sv Line: 2
Info (12021): Found 1 design units, including 1 entities, in source file ledtoplevel.sv
    Info (12023): Found entity 1: LEDtopLevel File: C:/Users/alexj/OneDrive/Documents/ECET/Term 6/ELEX 7660 Digital system/Project/LEDtopLevel.sv Line: 2
Info (12021): Found 1 design units, including 1 entities, in source file encoder.sv
    Info (12023): Found entity 1: encoder File: C:/Users/alexj/OneDrive/Documents/ECET/Term 6/ELEX 7660 Digital system/Project/encoder.sv Line: 8
Info (12021): Found 1 design units, including 1 entities, in source file enc2color.sv
    Info (12023): Found entity 1: enc2color File: C:/Users/alexj/OneDrive/Documents/ECET/Term 6/ELEX 7660 Digital system/Project/enc2color.sv Line: 8
Info (12021): Found 1 design units, including 1 entities, in source file decode7.sv
    Info (12023): Found entity 1: decode7 File: C:/Users/alexj/OneDrive/Documents/ECET/Term 6/ELEX 7660 Digital system/Project/decode7.sv Line: 6
Info (12021): Found 1 design units, including 1 entities, in source file decode2.sv
    Info (12023): Found entity 1: decode2 File: C:/Users/alexj/OneDrive/Documents/ECET/Term 6/ELEX 7660 Digital system/Project/decode2.sv Line: 5
Info (12021): Found 1 design units, including 1 entities, in source file adcinterface.sv
    Info (12023): Found entity 1: adcinterface File: C:/Users/alexj/OneDrive/Documents/ECET/Term 6/ELEX 7660 Digital system/Project/adcinterface.sv Line: 10
Info (12127): Elaborating entity "LEDtopLevel" for the top level hierarchy
Warning (10034): Output port "GPIO_0[-1]" at LEDtopLevel.sv(9) has no driver File: C:/Users/alexj/OneDrive/Documents/ECET/Term 6/ELEX 7660 Digital system/Project/LEDtopLevel.sv Line: 9
Info (12128): Elaborating entity "decode2" for hierarchy "decode2:decode2_0" File: C:/Users/alexj/OneDrive/Documents/ECET/Term 6/ELEX 7660 Digital system/Project/LEDtopLevel.sv Line: 39
Info (12128): Elaborating entity "decode7" for hierarchy "decode7:decode7_0" File: C:/Users/alexj/OneDrive/Documents/ECET/Term 6/ELEX 7660 Digital system/Project/LEDtopLevel.sv Line: 40
Info (12128): Elaborating entity "encoder" for hierarchy "encoder:encoder_1" File: C:/Users/alexj/OneDrive/Documents/ECET/Term 6/ELEX 7660 Digital system/Project/LEDtopLevel.sv Line: 42
Info (12128): Elaborating entity "enc2color" for hierarchy "enc2color:enc2color_1" File: C:/Users/alexj/OneDrive/Documents/ECET/Term 6/ELEX 7660 Digital system/Project/LEDtopLevel.sv Line: 43
Warning (10230): Verilog HDL assignment warning at enc2color.sv(23): truncated value with size 32 to match size of target (4) File: C:/Users/alexj/OneDrive/Documents/ECET/Term 6/ELEX 7660 Digital system/Project/enc2color.sv Line: 23
Warning (10230): Verilog HDL assignment warning at enc2color.sv(24): truncated value with size 32 to match size of target (4) File: C:/Users/alexj/OneDrive/Documents/ECET/Term 6/ELEX 7660 Digital system/Project/enc2color.sv Line: 24
Warning (10230): Verilog HDL assignment warning at enc2color.sv(43): truncated value with size 32 to match size of target (4) File: C:/Users/alexj/OneDrive/Documents/ECET/Term 6/ELEX 7660 Digital system/Project/enc2color.sv Line: 43
Warning (10230): Verilog HDL assignment warning at enc2color.sv(49): truncated value with size 32 to match size of target (4) File: C:/Users/alexj/OneDrive/Documents/ECET/Term 6/ELEX 7660 Digital system/Project/enc2color.sv Line: 49
Info (12128): Elaborating entity "adcinterface" for hierarchy "adcinterface:adcinterface" File: C:/Users/alexj/OneDrive/Documents/ECET/Term 6/ELEX 7660 Digital system/Project/LEDtopLevel.sv Line: 49
Warning (10230): Verilog HDL assignment warning at adcinterface.sv(29): truncated value with size 32 to match size of target (11) File: C:/Users/alexj/OneDrive/Documents/ECET/Term 6/ELEX 7660 Digital system/Project/adcinterface.sv Line: 29
Warning (10230): Verilog HDL assignment warning at adcinterface.sv(77): truncated value with size 32 to match size of target (5) File: C:/Users/alexj/OneDrive/Documents/ECET/Term 6/ELEX 7660 Digital system/Project/adcinterface.sv Line: 77
Info (12128): Elaborating entity "updatePattern" for hierarchy "updatePattern:updatePattern" File: C:/Users/alexj/OneDrive/Documents/ECET/Term 6/ELEX 7660 Digital system/Project/LEDtopLevel.sv Line: 51
Warning (10230): Verilog HDL assignment warning at updatePattern.sv(39): truncated value with size 25 to match size of target (15) File: C:/Users/alexj/OneDrive/Documents/ECET/Term 6/ELEX 7660 Digital system/Project/updatePattern.sv Line: 39
Warning (12125): Using design file colorchoice.sv, which is not specified as a design file for the current project, but contains definitions for 1 design units and 1 entities in project
    Info (12023): Found entity 1: colorchoice File: C:/Users/alexj/OneDrive/Documents/ECET/Term 6/ELEX 7660 Digital system/Project/colorchoice.sv Line: 1
Info (12128): Elaborating entity "colorchoice" for hierarchy "colorchoice:colorchoice" File: C:/Users/alexj/OneDrive/Documents/ECET/Term 6/ELEX 7660 Digital system/Project/LEDtopLevel.sv Line: 52
Warning (10230): Verilog HDL assignment warning at colorchoice.sv(19): truncated value with size 32 to match size of target (25) File: C:/Users/alexj/OneDrive/Documents/ECET/Term 6/ELEX 7660 Digital system/Project/colorchoice.sv Line: 19
Warning (10230): Verilog HDL assignment warning at colorchoice.sv(25): truncated value with size 32 to match size of target (4) File: C:/Users/alexj/OneDrive/Documents/ECET/Term 6/ELEX 7660 Digital system/Project/colorchoice.sv Line: 25
Warning (10230): Verilog HDL assignment warning at colorchoice.sv(30): truncated value with size 32 to match size of target (4) File: C:/Users/alexj/OneDrive/Documents/ECET/Term 6/ELEX 7660 Digital system/Project/colorchoice.sv Line: 30
Info (12128): Elaborating entity "showPattern" for hierarchy "showPattern:showPattern" File: C:/Users/alexj/OneDrive/Documents/ECET/Term 6/ELEX 7660 Digital system/Project/LEDtopLevel.sv Line: 54
Warning (10230): Verilog HDL assignment warning at showPattern.sv(22): truncated value with size 32 to match size of target (8) File: C:/Users/alexj/OneDrive/Documents/ECET/Term 6/ELEX 7660 Digital system/Project/showPattern.sv Line: 22
Warning (10230): Verilog HDL assignment warning at showPattern.sv(23): truncated value with size 32 to match size of target (12) File: C:/Users/alexj/OneDrive/Documents/ECET/Term 6/ELEX 7660 Digital system/Project/showPattern.sv Line: 23
Warning (10230): Verilog HDL assignment warning at showPattern.sv(39): truncated value with size 32 to match size of target (8) File: C:/Users/alexj/OneDrive/Documents/ECET/Term 6/ELEX 7660 Digital system/Project/showPattern.sv Line: 39
Warning (10230): Verilog HDL assignment warning at showPattern.sv(52): truncated value with size 32 to match size of target (9) File: C:/Users/alexj/OneDrive/Documents/ECET/Term 6/ELEX 7660 Digital system/Project/showPattern.sv Line: 52
Warning (10230): Verilog HDL assignment warning at showPattern.sv(53): truncated value with size 32 to match size of target (8) File: C:/Users/alexj/OneDrive/Documents/ECET/Term 6/ELEX 7660 Digital system/Project/showPattern.sv Line: 53
Warning (10230): Verilog HDL assignment warning at showPattern.sv(56): truncated value with size 32 to match size of target (8) File: C:/Users/alexj/OneDrive/Documents/ECET/Term 6/ELEX 7660 Digital system/Project/showPattern.sv Line: 56
Warning (10230): Verilog HDL assignment warning at showPattern.sv(58): truncated value with size 32 to match size of target (5) File: C:/Users/alexj/OneDrive/Documents/ECET/Term 6/ELEX 7660 Digital system/Project/showPattern.sv Line: 58
Warning (10230): Verilog HDL assignment warning at showPattern.sv(63): truncated value with size 32 to match size of target (8) File: C:/Users/alexj/OneDrive/Documents/ECET/Term 6/ELEX 7660 Digital system/Project/showPattern.sv Line: 63
Warning (10230): Verilog HDL assignment warning at showPattern.sv(70): truncated value with size 32 to match size of target (9) File: C:/Users/alexj/OneDrive/Documents/ECET/Term 6/ELEX 7660 Digital system/Project/showPattern.sv Line: 70
Warning (10230): Verilog HDL assignment warning at showPattern.sv(71): truncated value with size 32 to match size of target (8) File: C:/Users/alexj/OneDrive/Documents/ECET/Term 6/ELEX 7660 Digital system/Project/showPattern.sv Line: 71
Warning (10230): Verilog HDL assignment warning at showPattern.sv(74): truncated value with size 32 to match size of target (8) File: C:/Users/alexj/OneDrive/Documents/ECET/Term 6/ELEX 7660 Digital system/Project/showPattern.sv Line: 74
Warning (10230): Verilog HDL assignment warning at showPattern.sv(76): truncated value with size 32 to match size of target (5) File: C:/Users/alexj/OneDrive/Documents/ECET/Term 6/ELEX 7660 Digital system/Project/showPattern.sv Line: 76
Warning (10230): Verilog HDL assignment warning at showPattern.sv(82): truncated value with size 32 to match size of target (5) File: C:/Users/alexj/OneDrive/Documents/ECET/Term 6/ELEX 7660 Digital system/Project/showPattern.sv Line: 82
Warning (10230): Verilog HDL assignment warning at showPattern.sv(83): truncated value with size 32 to match size of target (5) File: C:/Users/alexj/OneDrive/Documents/ECET/Term 6/ELEX 7660 Digital system/Project/showPattern.sv Line: 83
Warning (10230): Verilog HDL assignment warning at showPattern.sv(87): truncated value with size 32 to match size of target (12) File: C:/Users/alexj/OneDrive/Documents/ECET/Term 6/ELEX 7660 Digital system/Project/showPattern.sv Line: 87
Warning (10230): Verilog HDL assignment warning at showPattern.sv(91): truncated value with size 32 to match size of target (12) File: C:/Users/alexj/OneDrive/Documents/ECET/Term 6/ELEX 7660 Digital system/Project/showPattern.sv Line: 91
Warning (10230): Verilog HDL assignment warning at showPattern.sv(92): truncated value with size 32 to match size of target (5) File: C:/Users/alexj/OneDrive/Documents/ECET/Term 6/ELEX 7660 Digital system/Project/showPattern.sv Line: 92
Info (13014): Ignored 4 buffer(s)
    Info (13019): Ignored 4 SOFT buffer(s)
Warning (13024): Output pins are stuck at VCC or GND
    Warning (13410): Pin "GPIO_0[-1]" is stuck at GND File: C:/Users/alexj/OneDrive/Documents/ECET/Term 6/ELEX 7660 Digital system/Project/LEDtopLevel.sv Line: 9
    Warning (13410): Pin "leds[7]" is stuck at GND File: C:/Users/alexj/OneDrive/Documents/ECET/Term 6/ELEX 7660 Digital system/Project/LEDtopLevel.sv Line: 11
    Warning (13410): Pin "red" is stuck at GND File: C:/Users/alexj/OneDrive/Documents/ECET/Term 6/ELEX 7660 Digital system/Project/LEDtopLevel.sv Line: 13
    Warning (13410): Pin "green" is stuck at GND File: C:/Users/alexj/OneDrive/Documents/ECET/Term 6/ELEX 7660 Digital system/Project/LEDtopLevel.sv Line: 13
    Warning (13410): Pin "blue" is stuck at GND File: C:/Users/alexj/OneDrive/Documents/ECET/Term 6/ELEX 7660 Digital system/Project/LEDtopLevel.sv Line: 14
Info (286030): Timing-Driven Synthesis is running
Info (17049): 5 registers lost all their fanouts during netlist optimizations.
Info (144001): Generated suppressed messages file C:/Users/alexj/OneDrive/Documents/ECET/Term 6/ELEX 7660 Digital system/Project/output_files/LEDtopLevel.map.smsg
Info (16010): Generating hard_block partition "hard_block:auto_generated_inst"
    Info (16011): Adding 0 node(s), including 0 DDIO, 0 PLL, 0 transceiver and 0 LCELL
Info (21057): Implemented 686 device resources after synthesis - the final resource count might be different
    Info (21058): Implemented 7 input pins
    Info (21059): Implemented 20 output pins
    Info (21061): Implemented 659 logic cells
Info: Quartus Prime Analysis & Synthesis was successful. 0 errors, 36 warnings
    Info: Peak virtual memory: 4885 megabytes
    Info: Processing ended: Fri Mar 22 09:25:45 2024
    Info: Elapsed time: 00:00:41
    Info: Total CPU time (on all processors): 00:00:36


+------------------------------------------+
; Analysis & Synthesis Suppressed Messages ;
+------------------------------------------+
The suppressed messages can be found in C:/Users/alexj/OneDrive/Documents/ECET/Term 6/ELEX 7660 Digital system/Project/output_files/LEDtopLevel.map.smsg.


