Database Export report for LEDtopLevel
Fri Mar 22 09:02:47 2024
Quartus Prime Version 18.1.0 Build 625 09/12/2018 SJ Lite Edition


---------------------
; Table of Contents ;
---------------------
  1. Legal Notice
  2. Database Export Summary
  3. Database Export Messages



----------------
; Legal Notice ;
----------------
Copyright (C) 2018  Intel Corporation. All rights reserved.
Your use of Intel Corporation's design tools, logic functions 
and other software and tools, and its AMPP partner logic 
functions, and any output files from any of the foregoing 
(including device programming or simulation files), and any 
associated documentation or information are expressly subject 
to the terms and conditions of the Intel Program License 
Subscription Agreement, the Intel Quartus Prime License Agreement,
the Intel FPGA IP License Agreement, or other applicable license
agreement, including, without limitation, that your use is for
the sole purpose of programming logic devices manufactured by
Intel and sold by Intel or its authorized distributors.  Please
refer to the applicable agreement for further details.



+----------------------------------------------------------------+
; Database Export Summary                                        ;
+------------------------+---------------------------------------+
; Database Export Status ; Successful - Fri Mar 22 09:02:47 2024 ;
; Revision Name          ; LEDtopLevel                           ;
; Top-level Entity Name  ; LEDtopLevel                           ;
; Family                 ; Cyclone V                             ;
; Device                 ; 5CSEMA4U23C6                          ;
+------------------------+---------------------------------------+


+--------------------------+
; Database Export Messages ;
+--------------------------+
Info: *******************************************************************
Info: Running Quartus Prime Database Export
    Info: Version 18.1.0 Build 625 09/12/2018 SJ Lite Edition
    Info: Processing started: Fri Mar 22 09:02:36 2024
Info: Command: quartus_cdb LEDtopLevel -c LEDtopLevel --export_database="C:/Users/alexj/OneDrive/Documents/ECET/Term 6/ELEX 7660 Digital system/Project/export_db"
Info (39038): Successfully exported the post-synthesis black-box database
Info (39038): Successfully exported the post-synthesis database
Info (39038): Successfully exported the post-fitter database
Info: Quartus Prime Database Export was successful. 0 errors, 0 warnings
    Info: Peak virtual memory: 4889 megabytes
    Info: Processing ended: Fri Mar 22 09:02:47 2024
    Info: Elapsed time: 00:00:11
    Info: Total CPU time (on all processors): 00:00:06


